<?xml version="1.0" encoding="UTF-8"?>
<!-- Generated by org.testng.reporters.JUnitXMLReporter -->
<testsuite ignored="0" hostname="LAPTOP-HB1IK2HV" failures="0" tests="6" name="ChromeTest" time="55.009" errors="0" timestamp="2026-04-10T13:37:28 IST">
  <testcase classname="TestCase.TC_AccountRegistrationTest" name="verify_account_registration" time="4.206"/>
  <testcase classname="TestCase.TC_LoginPage" name="verify_login" time="3.387"/>
  <testcase classname="TestCase.TC_LoginDDT" name="verify_loginDDT" time="2.823"/>
  <testcase classname="TestCase.TC_LoginDDT" name="verify_loginDDT" time="3.328"/>
  <testcase classname="TestCase.TC_LoginDDT" name="verify_loginDDT" time="2.276"/>
  <testcase classname="TestCase.TC_LoginDDT" name="verify_loginDDT" time="2.548"/>
</testsuite> <!-- ChromeTest -->
