<?xml version="1.0" encoding="UTF-8"?>
<!-- Generated by org.testng.reporters.JUnitXMLReporter -->
<testsuite ignored="0" hostname="LAPTOP-HB1IK2HV" failures="0" tests="3" name="EdgeTest" time="58.386" errors="0" timestamp="2026-04-09T00:09:16 IST">
  <testcase classname="TestCase.TC_AccountRegistrationTest" name="verify_account_registration" time="5.314"/>
  <testcase classname="TestCase.TC_LoginPage" name="verify_login" time="3.066"/>
  <testcase classname="TestCase.TC_LoginDDT" name="verify_loginDDT" time="3.206"/>
</testsuite> <!-- EdgeTest -->
