<?xml version="1.0" encoding="UTF-8"?>
<!-- Generated by org.testng.reporters.JUnitXMLReporter -->
<testsuite ignored="0" hostname="LAPTOP-HB1IK2HV" failures="0" tests="3" name="Linux-Firefox" time="71.95" errors="0" timestamp="2026-04-09T13:29:36 IST">
  <testcase classname="TestCase.TC_AccountRegistrationTest" name="verify_account_registration" time="3.599"/>
  <testcase classname="TestCase.TC_LoginPage" name="verify_login" time="2.217"/>
  <testcase classname="TestCase.TC_LoginDDT" name="verify_loginDDT" time="2.885"/>
</testsuite> <!-- Linux-Firefox -->
