<?xml version="1.0" encoding="UTF-8"?>
<!-- Generated by org.testng.reporters.JUnitXMLReporter -->
<testsuite ignored="0" hostname="LAPTOP-HB1IK2HV" failures="0" tests="6" name="ChromeTest" time="72.966" errors="0" timestamp="2026-04-10T14:08:55 IST">
  <testcase classname="TestCase.TC_AccountRegistrationTest" name="verify_account_registration" time="4.82"/>
  <testcase classname="TestCase.TC_LoginPage" name="verify_login" time="2.176"/>
  <testcase classname="TestCase.TC_LoginDDT" name="verify_loginDDT" time="2.805"/>
  <testcase classname="TestCase.TC_LoginDDT" name="verify_loginDDT" time="3.527"/>
  <testcase classname="TestCase.TC_LoginDDT" name="verify_loginDDT" time="5.387"/>
  <testcase classname="TestCase.TC_LoginDDT" name="verify_loginDDT" time="3.254"/>
</testsuite> <!-- ChromeTest -->
