<?xml version="1.0" encoding="UTF-8"?>
<testsuite xmlns:xsi="http://www.w3.org/2001/XMLSchema-instance" xsi:noNamespaceSchemaLocation="https://maven.apache.org/surefire/maven-surefire-plugin/xsd/surefire-test-report-3.0.xsd" version="3.0" name="TestSuite" time="75.913" tests="6" errors="0" skipped="0" failures="0">
  <properties>
[...]
</properties>
  <testcase name="verify_account_registration" classname="TestCase.TC_AccountRegistrationTest" time="4.858">
    <system-out><![CDATA[setup method started
browser value recieved: chrome
Execution Env: local
OS: windows
Browser: chrome
driver initialised successfully
14:07:50.076 [main] INFO  TestCase.TC_AccountRegistrationTest - Broswer launched
14:07:53.110 [main] INFO  TestCase.TC_AccountRegistrationTest - ****Starting TC_AccountRegistrationTest**** 
14:07:53.491 [main] INFO  TestCase.TC_AccountRegistrationTest - clicked on my account 
14:07:54.410 [main] INFO  TestCase.TC_AccountRegistrationTest - clicked on register 
14:07:54.419 [main] INFO  TestCase.TC_AccountRegistrationTest - providing details
14:07:57.840 [main] INFO  TestCase.TC_AccountRegistrationTest - validating msg
14:07:57.918 [main] INFO  TestCase.TC_AccountRegistrationTest - ****finished**** 
]]></system-out>
    <system-err><![CDATA[SLF4J(W): No SLF4J providers were found.
SLF4J(W): Defaulting to no-operation (NOP) logger implementation
SLF4J(W): See https://www.slf4j.org/codes.html#noProviders for further details.
SLF4J(W): Class path contains SLF4J bindings targeting slf4j-api versions 1.7.x or earlier.
SLF4J(W): Ignoring binding found at [jar:file:/C:/Users/abhis/.m2/repository/org/apache/logging/log4j/log4j-slf4j-impl/2.24.3/log4j-slf4j-impl-2.24.3.jar!/org/slf4j/impl/StaticLoggerBinder.class]
SLF4J(W): See https://www.slf4j.org/codes.html#ignoredBindings for an explanation.
2026-04-10T08:37:42.635939200Z main INFO Starting configuration XmlConfiguration[location=C:\Users\abhis\eclipse-workspace\OpenCartv121\target\test-classes\log4j2.xml, lastModified=2026-04-06T11:29:56.596Z]...
2026-04-10T08:37:42.640099800Z main INFO Configuration XmlConfiguration[location=C:\Users\abhis\eclipse-workspace\OpenCartv121\target\test-classes\log4j2.xml, lastModified=2026-04-06T11:29:56.596Z] started.
2026-04-10T08:37:42.648573100Z main INFO Stopping configuration org.apache.logging.log4j.core.config.DefaultConfiguration@7e5d9a50...
2026-04-10T08:37:42.648573100Z main INFO Configuration org.apache.logging.log4j.core.config.DefaultConfiguration@7e5d9a50 stopped.
Apr 10, 2026 2:07:48 PM org.openqa.selenium.devtools.CdpVersionFinder findNearestMatch
WARNING: Unable to find an exact match for CDP version 147, returning the closest version; found: 145; Please update to a Selenium version that supports CDP version 147
]]></system-err>
  </testcase>
  <testcase name="verify_login" classname="TestCase.TC_LoginPage" time="2.185">
    <system-out><![CDATA[setup method started
browser value recieved: chrome
Execution Env: local
OS: windows
Browser: chrome
driver initialised successfully
14:08:01.759 [main] INFO  TestCase.TC_LoginPage - Broswer launched
14:08:04.766 [main] INFO  TestCase.TC_LoginPage - ***starting the test case***
14:08:05.367 [main] INFO  TestCase.TC_LoginPage - ***login page started***
14:08:06.942 [main] INFO  TestCase.TC_LoginPage - ***finished***
]]></system-out>
    <system-err><![CDATA[Apr 10, 2026 2:08:00 PM org.openqa.selenium.devtools.CdpVersionFinder findNearestMatch
WARNING: Unable to find an exact match for CDP version 147, returning the closest version; found: 145; Please update to a Selenium version that supports CDP version 147
]]></system-err>
  </testcase>
  <testcase name="verify_loginDDT[87654321@gmail.com, qwerty, valid](1)" classname="TestCase.TC_LoginDDT" time="2.81">
    <system-out><![CDATA[14:08:08.468 [main] DEBUG org.apache.poi.openxml4j.opc.PackageRelationshipCollection - Parsing relationship: /xl/_rels/workbook.xml.rels
14:08:08.487 [main] DEBUG org.apache.poi.openxml4j.opc.PackageRelationshipCollection - Parsing relationship: /xl/worksheets/_rels/sheet1.xml.rels
14:08:08.497 [main] DEBUG org.apache.poi.openxml4j.opc.PackageRelationshipCollection - Parsing relationship: /_rels/.rels
14:08:10.044 [main] DEBUG org.apache.poi.ooxml.POIXMLFactory - using default POIXMLDocumentPart for http://schemas.openxmlformats.org/officeDocument/2006/relationships/printerSettings
14:08:10.487 [main] DEBUG org.apache.poi.openxml4j.opc.PackageRelationshipCollection - Parsing relationship: /xl/_rels/workbook.xml.rels
14:08:10.490 [main] DEBUG org.apache.poi.openxml4j.opc.PackageRelationshipCollection - Parsing relationship: /xl/worksheets/_rels/sheet1.xml.rels
14:08:10.498 [main] DEBUG org.apache.poi.openxml4j.opc.PackageRelationshipCollection - Parsing relationship: /_rels/.rels
14:08:10.553 [main] DEBUG org.apache.poi.ooxml.POIXMLFactory - using default POIXMLDocumentPart for http://schemas.openxmlformats.org/officeDocument/2006/relationships/printerSettings
14:08:10.606 [main] DEBUG org.apache.poi.openxml4j.opc.PackageRelationshipCollection - Parsing relationship: /xl/_rels/workbook.xml.rels
14:08:10.614 [main] DEBUG org.apache.poi.openxml4j.opc.PackageRelationshipCollection - Parsing relationship: /xl/worksheets/_rels/sheet1.xml.rels
14:08:10.618 [main] DEBUG org.apache.poi.openxml4j.opc.PackageRelationshipCollection - Parsing relationship: /_rels/.rels
14:08:10.662 [main] DEBUG org.apache.poi.ooxml.POIXMLFactory - using default POIXMLDocumentPart for http://schemas.openxmlformats.org/officeDocument/2006/relationships/printerSettings
Data87654321@gmail.com
14:08:10.757 [main] DEBUG org.apache.poi.openxml4j.opc.PackageRelationshipCollection - Parsing relationship: /xl/_rels/workbook.xml.rels
14:08:10.761 [main] DEBUG org.apache.poi.openxml4j.opc.PackageRelationshipCollection - Parsing relationship: /xl/worksheets/_rels/sheet1.xml.rels
14:08:10.787 [main] DEBUG org.apache.poi.openxml4j.opc.PackageRelationshipCollection - Parsing relationship: /_rels/.rels
14:08:10.828 [main] DEBUG org.apache.poi.ooxml.POIXMLFactory - using default POIXMLDocumentPart for http://schemas.openxmlformats.org/officeDocument/2006/relationships/printerSettings
Dataqwerty
14:08:10.886 [main] DEBUG org.apache.poi.openxml4j.opc.PackageRelationshipCollection - Parsing relationship: /xl/_rels/workbook.xml.rels
14:08:10.886 [main] DEBUG org.apache.poi.openxml4j.opc.PackageRelationshipCollection - Parsing relationship: /xl/worksheets/_rels/sheet1.xml.rels
14:08:10.890 [main] DEBUG org.apache.poi.openxml4j.opc.PackageRelationshipCollection - Parsing relationship: /_rels/.rels
14:08:10.924 [main] DEBUG org.apache.poi.ooxml.POIXMLFactory - using default POIXMLDocumentPart for http://schemas.openxmlformats.org/officeDocument/2006/relationships/printerSettings
Datavalid
14:08:10.982 [main] DEBUG org.apache.poi.openxml4j.opc.PackageRelationshipCollection - Parsing relationship: /xl/_rels/workbook.xml.rels
14:08:10.986 [main] DEBUG org.apache.poi.openxml4j.opc.PackageRelationshipCollection - Parsing relationship: /xl/worksheets/_rels/sheet1.xml.rels
14:08:10.986 [main] DEBUG org.apache.poi.openxml4j.opc.PackageRelationshipCollection - Parsing relationship: /_rels/.rels
14:08:11.025 [main] DEBUG org.apache.poi.ooxml.POIXMLFactory - using default POIXMLDocumentPart for http://schemas.openxmlformats.org/officeDocument/2006/relationships/printerSettings
Datajkl88888888@gmail.com
14:08:11.086 [main] DEBUG org.apache.poi.openxml4j.opc.PackageRelationshipCollection - Parsing relationship: /xl/_rels/workbook.xml.rels
14:08:11.092 [main] DEBUG org.apache.poi.openxml4j.opc.PackageRelationshipCollection - Parsing relationship: /xl/worksheets/_rels/sheet1.xml.rels
14:08:11.096 [main] DEBUG org.apache.poi.openxml4j.opc.PackageRelationshipCollection - Parsing relationship: /_rels/.rels
14:08:11.127 [main] DEBUG org.apache.poi.ooxml.POIXMLFactory - using default POIXMLDocumentPart for http://schemas.openxmlformats.org/officeDocument/2006/relationships/printerSettings
Datajklm
14:08:11.188 [main] DEBUG org.apache.poi.openxml4j.opc.PackageRelationshipCollection - Parsing relationship: /xl/_rels/workbook.xml.rels
14:08:11.190 [main] DEBUG org.apache.poi.openxml4j.opc.PackageRelationshipCollection - Parsing relationship: /xl/worksheets/_rels/sheet1.xml.rels
14:08:11.198 [main] DEBUG org.apache.poi.openxml4j.opc.PackageRelationshipCollection - Parsing relationship: /_rels/.rels
14:08:11.238 [main] DEBUG org.apache.poi.ooxml.POIXMLFactory - using default POIXMLDocumentPart for http://schemas.openxmlformats.org/officeDocument/2006/relationships/printerSettings
Datavalid
14:08:11.288 [main] DEBUG org.apache.poi.openxml4j.opc.PackageRelationshipCollection - Parsing relationship: /xl/_rels/workbook.xml.rels
14:08:11.292 [main] DEBUG org.apache.poi.openxml4j.opc.PackageRelationshipCollection - Parsing relationship: /xl/worksheets/_rels/sheet1.xml.rels
14:08:11.302 [main] DEBUG org.apache.poi.openxml4j.opc.PackageRelationshipCollection - Parsing relationship: /_rels/.rels
14:08:11.332 [main] DEBUG org.apache.poi.ooxml.POIXMLFactory - using default POIXMLDocumentPart for http://schemas.openxmlformats.org/officeDocument/2006/relationships/printerSettings
Datazxcv1234@gmail.com
14:08:11.381 [main] DEBUG org.apache.poi.openxml4j.opc.PackageRelationshipCollection - Parsing relationship: /xl/_rels/workbook.xml.rels
14:08:11.385 [main] DEBUG org.apache.poi.openxml4j.opc.PackageRelationshipCollection - Parsing relationship: /xl/worksheets/_rels/sheet1.xml.rels
14:08:11.387 [main] DEBUG org.apache.poi.openxml4j.opc.PackageRelationshipCollection - Parsing relationship: /_rels/.rels
14:08:11.426 [main] DEBUG org.apache.poi.ooxml.POIXMLFactory - using default POIXMLDocumentPart for http://schemas.openxmlformats.org/officeDocument/2006/relationships/printerSettings
Datazxcv
14:08:11.468 [main] DEBUG org.apache.poi.openxml4j.opc.PackageRelationshipCollection - Parsing relationship: /xl/_rels/workbook.xml.rels
14:08:11.470 [main] DEBUG org.apache.poi.openxml4j.opc.PackageRelationshipCollection - Parsing relationship: /xl/worksheets/_rels/sheet1.xml.rels
14:08:11.474 [main] DEBUG org.apache.poi.openxml4j.opc.PackageRelationshipCollection - Parsing relationship: /_rels/.rels
14:08:11.516 [main] DEBUG org.apache.poi.ooxml.POIXMLFactory - using default POIXMLDocumentPart for http://schemas.openxmlformats.org/officeDocument/2006/relationships/printerSettings
Datavalid
14:08:11.559 [main] DEBUG org.apache.poi.openxml4j.opc.PackageRelationshipCollection - Parsing relationship: /xl/_rels/workbook.xml.rels
14:08:11.564 [main] DEBUG org.apache.poi.openxml4j.opc.PackageRelationshipCollection - Parsing relationship: /xl/worksheets/_rels/sheet1.xml.rels
14:08:11.566 [main] DEBUG org.apache.poi.openxml4j.opc.PackageRelationshipCollection - Parsing relationship: /_rels/.rels
14:08:11.600 [main] DEBUG org.apache.poi.ooxml.POIXMLFactory - using default POIXMLDocumentPart for http://schemas.openxmlformats.org/officeDocument/2006/relationships/printerSettings
Dataasdf88888888@gmail.com
14:08:11.656 [main] DEBUG org.apache.poi.openxml4j.opc.PackageRelationshipCollection - Parsing relationship: /xl/_rels/workbook.xml.rels
14:08:11.659 [main] DEBUG org.apache.poi.openxml4j.opc.PackageRelationshipCollection - Parsing relationship: /xl/worksheets/_rels/sheet1.xml.rels
14:08:11.664 [main] DEBUG org.apache.poi.openxml4j.opc.PackageRelationshipCollection - Parsing relationship: /_rels/.rels
14:08:11.700 [main] DEBUG org.apache.poi.ooxml.POIXMLFactory - using default POIXMLDocumentPart for http://schemas.openxmlformats.org/officeDocument/2006/relationships/printerSettings
Dataasdf
14:08:11.750 [main] DEBUG org.apache.poi.openxml4j.opc.PackageRelationshipCollection - Parsing relationship: /xl/_rels/workbook.xml.rels
14:08:11.756 [main] DEBUG org.apache.poi.openxml4j.opc.PackageRelationshipCollection - Parsing relationship: /xl/worksheets/_rels/sheet1.xml.rels
14:08:11.757 [main] DEBUG org.apache.poi.openxml4j.opc.PackageRelationshipCollection - Parsing relationship: /_rels/.rels
14:08:11.786 [main] DEBUG org.apache.poi.ooxml.POIXMLFactory - using default POIXMLDocumentPart for http://schemas.openxmlformats.org/officeDocument/2006/relationships/printerSettings
Datavalid
setup method started
browser value recieved: chrome
Execution Env: local
OS: windows
Browser: chrome
driver initialised successfully
14:08:14.610 [main] INFO  TestCase.TC_LoginDDT - Broswer launched
14:08:17.628 [main] INFO  TestCase.TC_LoginDDT - ***TC_LoginDDT started***
14:08:18.362 [main] INFO  TestCase.TC_LoginDDT - ***login page started***
14:08:20.427 [main] INFO  TestCase.TC_LoginDDT - ***TC_LoginDDT finished***
]]></system-out>
    <system-err><![CDATA[Apr 10, 2026 2:08:13 PM org.openqa.selenium.devtools.CdpVersionFinder findNearestMatch
WARNING: Unable to find an exact match for CDP version 147, returning the closest version; found: 145; Please update to a Selenium version that supports CDP version 147
]]></system-err>
  </testcase>
  <testcase name="verify_loginDDT[jkl88888888@gmail.com, jklm, valid](2)" classname="TestCase.TC_LoginDDT" time="3.527">
    <system-out><![CDATA[setup method started
browser value recieved: chrome
Execution Env: local
OS: windows
Browser: chrome
driver initialised successfully
14:08:24.007 [main] INFO  TestCase.TC_LoginDDT - Broswer launched
14:08:27.021 [main] INFO  TestCase.TC_LoginDDT - ***TC_LoginDDT started***
14:08:28.083 [main] INFO  TestCase.TC_LoginDDT - ***login page started***
14:08:30.548 [main] INFO  TestCase.TC_LoginDDT - ***TC_LoginDDT finished***
]]></system-out>
    <system-err><![CDATA[Apr 10, 2026 2:08:22 PM org.openqa.selenium.devtools.CdpVersionFinder findNearestMatch
WARNING: Unable to find an exact match for CDP version 147, returning the closest version; found: 145; Please update to a Selenium version that supports CDP version 147
]]></system-err>
  </testcase>
  <testcase name="verify_loginDDT[zxcv1234@gmail.com, zxcv, valid](3)" classname="TestCase.TC_LoginDDT" time="5.387">
    <system-out><![CDATA[setup method started
browser value recieved: chrome
Execution Env: local
OS: windows
Browser: chrome
driver initialised successfully
14:08:34.258 [main] INFO  TestCase.TC_LoginDDT - Broswer launched
14:08:37.280 [main] INFO  TestCase.TC_LoginDDT - ***TC_LoginDDT started***
14:08:39.592 [main] INFO  TestCase.TC_LoginDDT - ***login page started***
14:08:42.663 [main] INFO  TestCase.TC_LoginDDT - ***TC_LoginDDT finished***
]]></system-out>
    <system-err><![CDATA[Apr 10, 2026 2:08:33 PM org.openqa.selenium.devtools.CdpVersionFinder findNearestMatch
WARNING: Unable to find an exact match for CDP version 147, returning the closest version; found: 145; Please update to a Selenium version that supports CDP version 147
]]></system-err>
  </testcase>
  <testcase name="verify_loginDDT[asdf88888888@gmail.com, asdf, valid](4)" classname="TestCase.TC_LoginDDT" time="3.257">
    <system-out><![CDATA[setup method started
browser value recieved: chrome
Execution Env: local
OS: windows
Browser: chrome
driver initialised successfully
14:08:46.613 [main] INFO  TestCase.TC_LoginDDT - Broswer launched
14:08:49.630 [main] INFO  TestCase.TC_LoginDDT - ***TC_LoginDDT started***
14:08:50.443 [main] INFO  TestCase.TC_LoginDDT - ***login page started***
14:08:52.879 [main] INFO  TestCase.TC_LoginDDT - ***TC_LoginDDT finished***
]]></system-out>
    <system-err><![CDATA[Apr 10, 2026 2:08:45 PM org.openqa.selenium.devtools.CdpVersionFinder findNearestMatch
WARNING: Unable to find an exact match for CDP version 147, returning the closest version; found: 145; Please update to a Selenium version that supports CDP version 147
]]></system-err>
  </testcase>
</testsuite>