<?xml version="1.0" encoding="UTF-8"?>
<testng-results ignored="0" total="6" passed="6" failed="0" skipped="0">
  <reporter-output>
  </reporter-output>
  <suite started-at="2026-04-10T14:07:40 IST" name="Suite" finished-at="2026-04-10T14:08:53 IST" duration-ms="72966">
    <groups>
      <group name="Master">
        <method signature="TC_AccountRegistrationTest.verify_account_registration()[pri:0, instance:TestCase.TC_AccountRegistrationTest@478190fc]" name="verify_account_registration" class="TestCase.TC_AccountRegistrationTest"/>
        <method signature="TC_LoginPage.verify_login()[pri:0, instance:TestCase.TC_LoginPage@2a65fe7c]" name="verify_login" class="TestCase.TC_LoginPage"/>
      </group> <!-- Master -->
      <group name="Sanity">
        <method signature="TC_LoginPage.verify_login()[pri:0, instance:TestCase.TC_LoginPage@2a65fe7c]" name="verify_login" class="TestCase.TC_LoginPage"/>
      </group> <!-- Sanity -->
      <group name="Regression">
        <method signature="TC_AccountRegistrationTest.verify_account_registration()[pri:0, instance:TestCase.TC_AccountRegistrationTest@478190fc]" name="verify_account_registration" class="TestCase.TC_AccountRegistrationTest"/>
      </group> <!-- Regression -->
      <group name="Datadriven">
        <method signature="TC_LoginDDT.verify_loginDDT(java.lang.String,java.lang.String,java.lang.String)[pri:0, instance:TestCase.TC_LoginDDT@4135c3b]" name="verify_loginDDT" class="TestCase.TC_LoginDDT"/>
      </group> <!-- Datadriven -->
    </groups>
    <test started-at="2026-04-10T14:07:40 IST" name="ChromeTest" finished-at="2026-04-10T14:08:53 IST" duration-ms="72966">
      <class name="TestCase.TC_LoginPage">
        <test-method is-config="true" signature="setup(java.lang.String,java.lang.String)[pri:0, instance:TestCase.TC_LoginPage@2a65fe7c]" started-at="2026-04-10T14:07:58 IST" name="setup" finished-at="2026-04-10T14:08:04 IST" duration-ms="5806" status="PASS">
          <params>
            <param index="0">
              <value>
                <![CDATA[windows]]>
              </value>
            </param>
            <param index="1">
              <value>
                <![CDATA[chrome]]>
              </value>
            </param>
          </params>
          <reporter-output>
          </reporter-output>
        </test-method> <!-- setup -->
        <test-method signature="verify_login()[pri:0, instance:TestCase.TC_LoginPage@2a65fe7c]" started-at="2026-04-10T14:08:04 IST" name="verify_login" finished-at="2026-04-10T14:08:06 IST" duration-ms="2176" status="PASS">
          <reporter-output>
          </reporter-output>
        </test-method> <!-- verify_login -->
        <test-method is-config="true" signature="teardown()[pri:0, instance:TestCase.TC_LoginPage@2a65fe7c]" started-at="2026-04-10T14:08:06 IST" name="teardown" finished-at="2026-04-10T14:08:07 IST" duration-ms="824" status="PASS">
          <reporter-output>
          </reporter-output>
        </test-method> <!-- teardown -->
      </class> <!-- TestCase.TC_LoginPage -->
      <class name="TestCase.TC_LoginDDT">
        <test-method is-config="true" signature="setup(java.lang.String,java.lang.String)[pri:0, instance:TestCase.TC_LoginDDT@4135c3b]" started-at="2026-04-10T14:08:11 IST" name="setup" finished-at="2026-04-10T14:08:17 IST" duration-ms="5804" status="PASS">
          <params>
            <param index="0">
              <value>
                <![CDATA[windows]]>
              </value>
            </param>
            <param index="1">
              <value>
                <![CDATA[chrome]]>
              </value>
            </param>
          </params>
          <reporter-output>
          </reporter-output>
        </test-method> <!-- setup -->
        <test-method signature="verify_loginDDT(java.lang.String,java.lang.String,java.lang.String)[pri:0, instance:TestCase.TC_LoginDDT@4135c3b]" started-at="2026-04-10T14:08:17 IST" name="verify_loginDDT" data-provider="LoginData" finished-at="2026-04-10T14:08:20 IST" duration-ms="2805" status="PASS">
          <params>
            <param index="0">
              <value>
                <![CDATA[87654321@gmail.com]]>
              </value>
            </param>
            <param index="1">
              <value>
                <![CDATA[qwerty]]>
              </value>
            </param>
            <param index="2">
              <value>
                <![CDATA[valid]]>
              </value>
            </param>
          </params>
          <reporter-output>
          </reporter-output>
        </test-method> <!-- verify_loginDDT -->
        <test-method is-config="true" signature="teardown()[pri:0, instance:TestCase.TC_LoginDDT@4135c3b]" started-at="2026-04-10T14:08:20 IST" name="teardown" finished-at="2026-04-10T14:08:21 IST" duration-ms="783" status="PASS">
          <reporter-output>
          </reporter-output>
        </test-method> <!-- teardown -->
        <test-method is-config="true" signature="setup(java.lang.String,java.lang.String)[pri:0, instance:TestCase.TC_LoginDDT@4135c3b]" started-at="2026-04-10T14:08:21 IST" name="setup" finished-at="2026-04-10T14:08:27 IST" duration-ms="5803" status="PASS">
          <params>
            <param index="0">
              <value>
                <![CDATA[windows]]>
              </value>
            </param>
            <param index="1">
              <value>
                <![CDATA[chrome]]>
              </value>
            </param>
          </params>
          <reporter-output>
          </reporter-output>
        </test-method> <!-- setup -->
        <test-method signature="verify_loginDDT(java.lang.String,java.lang.String,java.lang.String)[pri:0, instance:TestCase.TC_LoginDDT@4135c3b]" started-at="2026-04-10T14:08:27 IST" name="verify_loginDDT" data-provider="LoginData" finished-at="2026-04-10T14:08:30 IST" duration-ms="3527" status="PASS">
          <params>
            <param index="0">
              <value>
                <![CDATA[jkl88888888@gmail.com]]>
              </value>
            </param>
            <param index="1">
              <value>
                <![CDATA[jklm]]>
              </value>
            </param>
            <param index="2">
              <value>
                <![CDATA[valid]]>
              </value>
            </param>
          </params>
          <reporter-output>
          </reporter-output>
        </test-method> <!-- verify_loginDDT -->
        <test-method is-config="true" signature="teardown()[pri:0, instance:TestCase.TC_LoginDDT@4135c3b]" started-at="2026-04-10T14:08:30 IST" name="teardown" finished-at="2026-04-10T14:08:31 IST" duration-ms="870" status="PASS">
          <reporter-output>
          </reporter-output>
        </test-method> <!-- teardown -->
        <test-method is-config="true" signature="setup(java.lang.String,java.lang.String)[pri:0, instance:TestCase.TC_LoginDDT@4135c3b]" started-at="2026-04-10T14:08:31 IST" name="setup" finished-at="2026-04-10T14:08:37 IST" duration-ms="5839" status="PASS">
          <params>
            <param index="0">
              <value>
                <![CDATA[windows]]>
              </value>
            </param>
            <param index="1">
              <value>
                <![CDATA[chrome]]>
              </value>
            </param>
          </params>
          <reporter-output>
          </reporter-output>
        </test-method> <!-- setup -->
        <test-method signature="verify_loginDDT(java.lang.String,java.lang.String,java.lang.String)[pri:0, instance:TestCase.TC_LoginDDT@4135c3b]" started-at="2026-04-10T14:08:37 IST" name="verify_loginDDT" data-provider="LoginData" finished-at="2026-04-10T14:08:42 IST" duration-ms="5387" status="PASS">
          <params>
            <param index="0">
              <value>
                <![CDATA[zxcv1234@gmail.com]]>
              </value>
            </param>
            <param index="1">
              <value>
                <![CDATA[zxcv]]>
              </value>
            </param>
            <param index="2">
              <value>
                <![CDATA[valid]]>
              </value>
            </param>
          </params>
          <reporter-output>
          </reporter-output>
        </test-method> <!-- verify_loginDDT -->
        <test-method is-config="true" signature="teardown()[pri:0, instance:TestCase.TC_LoginDDT@4135c3b]" started-at="2026-04-10T14:08:42 IST" name="teardown" finished-at="2026-04-10T14:08:43 IST" duration-ms="989" status="PASS">
          <reporter-output>
          </reporter-output>
        </test-method> <!-- teardown -->
        <test-method is-config="true" signature="setup(java.lang.String,java.lang.String)[pri:0, instance:TestCase.TC_LoginDDT@4135c3b]" started-at="2026-04-10T14:08:43 IST" name="setup" finished-at="2026-04-10T14:08:49 IST" duration-ms="5969" status="PASS">
          <params>
            <param index="0">
              <value>
                <![CDATA[windows]]>
              </value>
            </param>
            <param index="1">
              <value>
                <![CDATA[chrome]]>
              </value>
            </param>
          </params>
          <reporter-output>
          </reporter-output>
        </test-method> <!-- setup -->
        <test-method signature="verify_loginDDT(java.lang.String,java.lang.String,java.lang.String)[pri:0, instance:TestCase.TC_LoginDDT@4135c3b]" started-at="2026-04-10T14:08:49 IST" name="verify_loginDDT" data-provider="LoginData" finished-at="2026-04-10T14:08:52 IST" duration-ms="3254" status="PASS">
          <params>
            <param index="0">
              <value>
                <![CDATA[asdf88888888@gmail.com]]>
              </value>
            </param>
            <param index="1">
              <value>
                <![CDATA[asdf]]>
              </value>
            </param>
            <param index="2">
              <value>
                <![CDATA[valid]]>
              </value>
            </param>
          </params>
          <reporter-output>
          </reporter-output>
        </test-method> <!-- verify_loginDDT -->
        <test-method is-config="true" signature="teardown()[pri:0, instance:TestCase.TC_LoginDDT@4135c3b]" started-at="2026-04-10T14:08:52 IST" name="teardown" finished-at="2026-04-10T14:08:53 IST" duration-ms="682" status="PASS">
          <reporter-output>
          </reporter-output>
        </test-method> <!-- teardown -->
      </class> <!-- TestCase.TC_LoginDDT -->
      <class name="TestCase.TC_AccountRegistrationTest">
        <test-method is-config="true" signature="setup(java.lang.String,java.lang.String)[pri:0, instance:TestCase.TC_AccountRegistrationTest@478190fc]" started-at="2026-04-10T14:07:41 IST" name="setup" finished-at="2026-04-10T14:07:53 IST" duration-ms="11868" status="PASS">
          <params>
            <param index="0">
              <value>
                <![CDATA[windows]]>
              </value>
            </param>
            <param index="1">
              <value>
                <![CDATA[chrome]]>
              </value>
            </param>
          </params>
          <reporter-output>
          </reporter-output>
        </test-method> <!-- setup -->
        <test-method signature="verify_account_registration()[pri:0, instance:TestCase.TC_AccountRegistrationTest@478190fc]" started-at="2026-04-10T14:07:53 IST" name="verify_account_registration" finished-at="2026-04-10T14:07:57 IST" duration-ms="4820" status="PASS">
          <reporter-output>
          </reporter-output>
        </test-method> <!-- verify_account_registration -->
        <test-method is-config="true" signature="teardown()[pri:0, instance:TestCase.TC_AccountRegistrationTest@478190fc]" started-at="2026-04-10T14:07:57 IST" name="teardown" finished-at="2026-04-10T14:07:58 IST" duration-ms="985" status="PASS">
          <reporter-output>
          </reporter-output>
        </test-method> <!-- teardown -->
      </class> <!-- TestCase.TC_AccountRegistrationTest -->
    </test> <!-- ChromeTest -->
  </suite> <!-- Suite -->
</testng-results>
