<?xml version="1.0" encoding="UTF-8"?>
<testng-results ignored="0" total="6" passed="6" failed="0" skipped="0">
  <reporter-output>
  </reporter-output>
  <suite started-at="2026-04-10T13:36:32 IST" name="Suite" finished-at="2026-04-10T13:37:27 IST" duration-ms="55009">
    <groups>
      <group name="Master">
        <method signature="TC_AccountRegistrationTest.verify_account_registration()[pri:0, instance:TestCase.TC_AccountRegistrationTest@229f66ed]" name="verify_account_registration" class="TestCase.TC_AccountRegistrationTest"/>
        <method signature="TC_LoginPage.verify_login()[pri:0, instance:TestCase.TC_LoginPage@247bddad]" name="verify_login" class="TestCase.TC_LoginPage"/>
      </group> <!-- Master -->
      <group name="Sanity">
        <method signature="TC_LoginPage.verify_login()[pri:0, instance:TestCase.TC_LoginPage@247bddad]" name="verify_login" class="TestCase.TC_LoginPage"/>
      </group> <!-- Sanity -->
      <group name="Regression">
        <method signature="TC_AccountRegistrationTest.verify_account_registration()[pri:0, instance:TestCase.TC_AccountRegistrationTest@229f66ed]" name="verify_account_registration" class="TestCase.TC_AccountRegistrationTest"/>
      </group> <!-- Regression -->
      <group name="Datadriven">
        <method signature="TC_LoginDDT.verify_loginDDT(java.lang.String,java.lang.String,java.lang.String)[pri:0, instance:TestCase.TC_LoginDDT@d35dea7]" name="verify_loginDDT" class="TestCase.TC_LoginDDT"/>
      </group> <!-- Datadriven -->
    </groups>
    <test started-at="2026-04-10T13:36:32 IST" name="ChromeTest" finished-at="2026-04-10T13:37:27 IST" duration-ms="55009">
      <class name="TestCase.TC_LoginPage">
        <test-method is-config="true" signature="setup(java.lang.String,java.lang.String)[pri:0, instance:TestCase.TC_LoginPage@247bddad]" started-at="2026-04-10T13:36:44 IST" name="setup" finished-at="2026-04-10T13:36:49 IST" duration-ms="5123" status="PASS">
          <params>
            <param index="0">
              <value>
                <![CDATA[windows]]>
              </value>
            </param>
            <param index="1">
              <value>
                <![CDATA[chrome]]>
              </value>
            </param>
          </params>
          <reporter-output>
          </reporter-output>
        </test-method> <!-- setup -->
        <test-method signature="verify_login()[pri:0, instance:TestCase.TC_LoginPage@247bddad]" started-at="2026-04-10T13:36:49 IST" name="verify_login" finished-at="2026-04-10T13:36:53 IST" duration-ms="3387" status="PASS">
          <reporter-output>
          </reporter-output>
        </test-method> <!-- verify_login -->
        <test-method is-config="true" signature="teardown()[pri:0, instance:TestCase.TC_LoginPage@247bddad]" started-at="2026-04-10T13:36:53 IST" name="teardown" finished-at="2026-04-10T13:36:53 IST" duration-ms="311" status="PASS">
          <reporter-output>
          </reporter-output>
        </test-method> <!-- teardown -->
      </class> <!-- TestCase.TC_LoginPage -->
      <class name="TestCase.TC_LoginDDT">
        <test-method is-config="true" signature="setup(java.lang.String,java.lang.String)[pri:0, instance:TestCase.TC_LoginDDT@d35dea7]" started-at="2026-04-10T13:36:54 IST" name="setup" finished-at="2026-04-10T13:36:59 IST" duration-ms="5204" status="PASS">
          <params>
            <param index="0">
              <value>
                <![CDATA[windows]]>
              </value>
            </param>
            <param index="1">
              <value>
                <![CDATA[chrome]]>
              </value>
            </param>
          </params>
          <reporter-output>
          </reporter-output>
        </test-method> <!-- setup -->
        <test-method signature="verify_loginDDT(java.lang.String,java.lang.String,java.lang.String)[pri:0, instance:TestCase.TC_LoginDDT@d35dea7]" started-at="2026-04-10T13:36:59 IST" name="verify_loginDDT" data-provider="LoginData" finished-at="2026-04-10T13:37:02 IST" duration-ms="2823" status="PASS">
          <params>
            <param index="0">
              <value>
                <![CDATA[87654321@gmail.com]]>
              </value>
            </param>
            <param index="1">
              <value>
                <![CDATA[qwerty]]>
              </value>
            </param>
            <param index="2">
              <value>
                <![CDATA[valid]]>
              </value>
            </param>
          </params>
          <reporter-output>
          </reporter-output>
        </test-method> <!-- verify_loginDDT -->
        <test-method is-config="true" signature="teardown()[pri:0, instance:TestCase.TC_LoginDDT@d35dea7]" started-at="2026-04-10T13:37:02 IST" name="teardown" finished-at="2026-04-10T13:37:03 IST" duration-ms="319" status="PASS">
          <reporter-output>
          </reporter-output>
        </test-method> <!-- teardown -->
        <test-method is-config="true" signature="setup(java.lang.String,java.lang.String)[pri:0, instance:TestCase.TC_LoginDDT@d35dea7]" started-at="2026-04-10T13:37:03 IST" name="setup" finished-at="2026-04-10T13:37:08 IST" duration-ms="5234" status="PASS">
          <params>
            <param index="0">
              <value>
                <![CDATA[windows]]>
              </value>
            </param>
            <param index="1">
              <value>
                <![CDATA[chrome]]>
              </value>
            </param>
          </params>
          <reporter-output>
          </reporter-output>
        </test-method> <!-- setup -->
        <test-method signature="verify_loginDDT(java.lang.String,java.lang.String,java.lang.String)[pri:0, instance:TestCase.TC_LoginDDT@d35dea7]" started-at="2026-04-10T13:37:08 IST" name="verify_loginDDT" data-provider="LoginData" finished-at="2026-04-10T13:37:11 IST" duration-ms="3328" status="PASS">
          <params>
            <param index="0">
              <value>
                <![CDATA[jkl88888888@gmail.com]]>
              </value>
            </param>
            <param index="1">
              <value>
                <![CDATA[jklm]]>
              </value>
            </param>
            <param index="2">
              <value>
                <![CDATA[valid]]>
              </value>
            </param>
          </params>
          <reporter-output>
          </reporter-output>
        </test-method> <!-- verify_loginDDT -->
        <test-method is-config="true" signature="teardown()[pri:0, instance:TestCase.TC_LoginDDT@d35dea7]" started-at="2026-04-10T13:37:11 IST" name="teardown" finished-at="2026-04-10T13:37:11 IST" duration-ms="313" status="PASS">
          <reporter-output>
          </reporter-output>
        </test-method> <!-- teardown -->
        <test-method is-config="true" signature="setup(java.lang.String,java.lang.String)[pri:0, instance:TestCase.TC_LoginDDT@d35dea7]" started-at="2026-04-10T13:37:11 IST" name="setup" finished-at="2026-04-10T13:37:16 IST" duration-ms="5041" status="PASS">
          <params>
            <param index="0">
              <value>
                <![CDATA[windows]]>
              </value>
            </param>
            <param index="1">
              <value>
                <![CDATA[chrome]]>
              </value>
            </param>
          </params>
          <reporter-output>
          </reporter-output>
        </test-method> <!-- setup -->
        <test-method signature="verify_loginDDT(java.lang.String,java.lang.String,java.lang.String)[pri:0, instance:TestCase.TC_LoginDDT@d35dea7]" started-at="2026-04-10T13:37:16 IST" name="verify_loginDDT" data-provider="LoginData" finished-at="2026-04-10T13:37:19 IST" duration-ms="2276" status="PASS">
          <params>
            <param index="0">
              <value>
                <![CDATA[zxcv1234@gmail.com]]>
              </value>
            </param>
            <param index="1">
              <value>
                <![CDATA[zxcv]]>
              </value>
            </param>
            <param index="2">
              <value>
                <![CDATA[valid]]>
              </value>
            </param>
          </params>
          <reporter-output>
          </reporter-output>
        </test-method> <!-- verify_loginDDT -->
        <test-method is-config="true" signature="teardown()[pri:0, instance:TestCase.TC_LoginDDT@d35dea7]" started-at="2026-04-10T13:37:19 IST" name="teardown" finished-at="2026-04-10T13:37:19 IST" duration-ms="338" status="PASS">
          <reporter-output>
          </reporter-output>
        </test-method> <!-- teardown -->
        <test-method is-config="true" signature="setup(java.lang.String,java.lang.String)[pri:0, instance:TestCase.TC_LoginDDT@d35dea7]" started-at="2026-04-10T13:37:19 IST" name="setup" finished-at="2026-04-10T13:37:24 IST" duration-ms="5114" status="PASS">
          <params>
            <param index="0">
              <value>
                <![CDATA[windows]]>
              </value>
            </param>
            <param index="1">
              <value>
                <![CDATA[chrome]]>
              </value>
            </param>
          </params>
          <reporter-output>
          </reporter-output>
        </test-method> <!-- setup -->
        <test-method signature="verify_loginDDT(java.lang.String,java.lang.String,java.lang.String)[pri:0, instance:TestCase.TC_LoginDDT@d35dea7]" started-at="2026-04-10T13:37:24 IST" name="verify_loginDDT" data-provider="LoginData" finished-at="2026-04-10T13:37:27 IST" duration-ms="2548" status="PASS">
          <params>
            <param index="0">
              <value>
                <![CDATA[asdf88888888@gmail.com]]>
              </value>
            </param>
            <param index="1">
              <value>
                <![CDATA[asdf]]>
              </value>
            </param>
            <param index="2">
              <value>
                <![CDATA[valid]]>
              </value>
            </param>
          </params>
          <reporter-output>
          </reporter-output>
        </test-method> <!-- verify_loginDDT -->
        <test-method is-config="true" signature="teardown()[pri:0, instance:TestCase.TC_LoginDDT@d35dea7]" started-at="2026-04-10T13:37:27 IST" name="teardown" finished-at="2026-04-10T13:37:27 IST" duration-ms="317" status="PASS">
          <reporter-output>
          </reporter-output>
        </test-method> <!-- teardown -->
      </class> <!-- TestCase.TC_LoginDDT -->
      <class name="TestCase.TC_AccountRegistrationTest">
        <test-method is-config="true" signature="setup(java.lang.String,java.lang.String)[pri:0, instance:TestCase.TC_AccountRegistrationTest@229f66ed]" started-at="2026-04-10T13:36:32 IST" name="setup" finished-at="2026-04-10T13:36:40 IST" duration-ms="7136" status="PASS">
          <params>
            <param index="0">
              <value>
                <![CDATA[windows]]>
              </value>
            </param>
            <param index="1">
              <value>
                <![CDATA[chrome]]>
              </value>
            </param>
          </params>
          <reporter-output>
          </reporter-output>
        </test-method> <!-- setup -->
        <test-method signature="verify_account_registration()[pri:0, instance:TestCase.TC_AccountRegistrationTest@229f66ed]" started-at="2026-04-10T13:36:40 IST" name="verify_account_registration" finished-at="2026-04-10T13:36:44 IST" duration-ms="4206" status="PASS">
          <reporter-output>
          </reporter-output>
        </test-method> <!-- verify_account_registration -->
        <test-method is-config="true" signature="teardown()[pri:0, instance:TestCase.TC_AccountRegistrationTest@229f66ed]" started-at="2026-04-10T13:36:44 IST" name="teardown" finished-at="2026-04-10T13:36:44 IST" duration-ms="363" status="PASS">
          <reporter-output>
          </reporter-output>
        </test-method> <!-- teardown -->
      </class> <!-- TestCase.TC_AccountRegistrationTest -->
    </test> <!-- ChromeTest -->
  </suite> <!-- Suite -->
</testng-results>
