<?xml version="1.0" encoding="UTF-8"?>
<!-- Generated by org.testng.reporters.JUnitReportReporter -->
<testsuite hostname="LAPTOP-HB1IK2HV" failures="0" tests="4" name="TestCase.TC_LoginDDT" time="32.855" errors="0" timestamp="2026-04-10T13:37:28 IST" skipped="0">
  <testcase classname="TestCase.TC_LoginDDT" name="verify_loginDDT" time="8.177"/>
  <testcase classname="TestCase.TC_LoginDDT" name="verify_loginDDT" time="8.879"/>
  <testcase classname="TestCase.TC_LoginDDT" name="verify_loginDDT" time="7.728"/>
  <testcase classname="TestCase.TC_LoginDDT" name="verify_loginDDT" time="8.071"/>
</testsuite> <!-- TestCase.TC_LoginDDT -->
