<?xml version="1.0" encoding="UTF-8"?>
<!-- Generated by org.testng.reporters.JUnitReportReporter -->
<testsuite hostname="LAPTOP-HB1IK2HV" failures="0" tests="4" name="TestCase.TC_LoginDDT" time="41.712" errors="0" timestamp="2026-04-10T14:08:55 IST" skipped="0">
  <testcase classname="TestCase.TC_LoginDDT" name="verify_loginDDT" time="11.974"/>
  <testcase classname="TestCase.TC_LoginDDT" name="verify_loginDDT" time="9.739"/>
  <testcase classname="TestCase.TC_LoginDDT" name="verify_loginDDT" time="9.633"/>
  <testcase classname="TestCase.TC_LoginDDT" name="verify_loginDDT" time="10.366"/>
</testsuite> <!-- TestCase.TC_LoginDDT -->
